\BOOKMARK [1][-]{section*.2}{Ivadas}{}% 1
\BOOKMARK [1][-]{section.1}{MEMS jutikliai}{}% 2
\BOOKMARK [2][-]{subsection.1.1}{Giroskopas}{section.1}% 3
\BOOKMARK [3][-]{subsubsection.1.1.1}{Nuolatine dedamoji}{subsection.1.1}% 4
\BOOKMARK [3][-]{subsubsection.1.1.2}{Atsitiktinis kampinis pokytis}{subsection.1.1}% 5
\BOOKMARK [2][-]{subsection.1.2}{Nuolatines dedamosios stabilumas}{section.1}% 6
\BOOKMARK [3][-]{subsubsection.1.2.1}{Temperaturos efektai}{subsection.1.2}% 7
\BOOKMARK [3][-]{subsubsection.1.2.2}{Kalibravimo klaidos}{subsection.1.2}% 8
\BOOKMARK [2][-]{subsection.1.3}{Pagreicio jutiklis}{section.1}% 9
\BOOKMARK [3][-]{subsubsection.1.3.1}{Nuolatine dedamoji}{subsection.1.3}% 10
\BOOKMARK [3][-]{subsubsection.1.3.2}{Atsitiktinis pagreicio pokytis}{subsection.1.3}% 11
\BOOKMARK [3][-]{subsubsection.1.3.3}{Vibraciniai triuk\235mai}{subsection.1.3}% 12
\BOOKMARK [3][-]{subsubsection.1.3.4}{Temperaturos efektai}{subsection.1.3}% 13
\BOOKMARK [3][-]{subsubsection.1.3.5}{Kalibravimo klaidos}{subsection.1.3}% 14
\BOOKMARK [1][-]{section.2}{Signalu filtrai}{}% 15
\BOOKMARK [2][-]{subsection.2.1}{Kalman filtras}{section.2}% 16
\BOOKMARK [3][-]{subsubsection.2.1.1}{Diskretaus laiko Kalman filtras}{subsection.2.1}% 17
\BOOKMARK [3][-]{subsubsection.2.1.2}{Pavyzdys}{subsection.2.1}% 18
\BOOKMARK [2][-]{subsection.2.2}{I\235tiesintas Kalman filtras}{section.2}% 19
\BOOKMARK [2][-]{subsection.2.3}{I\235plestas Kalman filtras}{section.2}% 20
\BOOKMARK [3][-]{subsubsection.2.3.1}{Nepertraukiamo laiko i\235plestas Kalman filtras}{subsection.2.3}% 21
\BOOKMARK [3][-]{subsubsection.2.3.2}{Hibridinis Kalman filtras}{subsection.2.3}% 22
\BOOKMARK [2][-]{subsection.2.4}{Sekamas Kalman filtras}{section.2}% 23
\BOOKMARK [2][-]{subsection.2.5}{Daleliu filtras}{section.2}% 24
\BOOKMARK [1][-]{section.3}{Literaturos ap\236valga}{}% 25
\BOOKMARK [2][-]{subsection.3.1}{Pozicijos nustatymas naudojant mobiluji telefona}{section.3}% 26
\BOOKMARK [2][-]{subsection.3.2}{,,Dirbtines \236uvies'' pozicijos nustatymas}{section.3}% 27
\BOOKMARK [1][-]{section.4}{Naudojama iranga}{}% 28
\BOOKMARK [2][-]{subsection.4.1}{Naudojama plok\235te}{section.4}% 29
\BOOKMARK [2][-]{subsection.4.2}{Jutiklis}{section.4}% 30
\BOOKMARK [2][-]{subsection.4.3}{Komunikacija}{section.4}% 31
\BOOKMARK [3][-]{subsubsection.4.3.1}{I2C}{subsection.4.3}% 32
\BOOKMARK [3][-]{subsubsection.4.3.2}{SPI}{subsection.4.3}% 33
\BOOKMARK [3][-]{subsubsection.4.3.3}{Palyginimas}{subsection.4.3}% 34
\BOOKMARK [2][-]{subsection.4.4}{Programine iranga}{section.4}% 35
\BOOKMARK [1][-]{section.5}{Modelio apibre\236imas}{}% 36
\BOOKMARK [2][-]{subsection.5.1}{Pradinis modelis}{section.5}% 37
\BOOKMARK [2][-]{subsection.5.2}{Kalman filtro modelis}{section.5}% 38
\BOOKMARK [2][-]{subsection.5.3}{I\235plestas Kalman filtras}{section.5}% 39
\BOOKMARK [2][-]{subsection.5.4}{Sekamas Kalman filtras}{section.5}% 40
\BOOKMARK [2][-]{subsection.5.5}{Modelio pasirinkimas}{section.5}% 41
\BOOKMARK [1][-]{section.6}{Igyvendinimas}{}% 42
\BOOKMARK [2][-]{subsection.6.1}{Modelis}{section.6}% 43
\BOOKMARK [2][-]{subsection.6.2}{Filtras}{section.6}% 44
\BOOKMARK [1][-]{section*.22}{I\235vados}{}% 45
\BOOKMARK [1][-]{section*.22}{Literatura}{}% 46
